Arguments: 
  /home/vuvoth/.nvm/versions/node/v16.14.0/bin/node /home/vuvoth/.nvm/versions/node/v16.14.0/bin/yarn init

PATH: 
  /home/vuvoth/Desktop/EthereumProject/go-kzg-ceremony-client:/home/vuvoth/.fe/bin:/home/vuvoth/.local/share/pnpm:/home/vuvoth/Desktop/EthereumProject/go-kzg-ceremony-client:/home/vuvoth/.fe/bin:/home/vuvoth/.local/share/pnpm:/home/vuvoth/Desktop/EthereumProject/go-kzg-ceremony-client:/home/vuvoth/.fe/bin:/home/vuvoth/.local/share/pnpm:/home/vuvoth/.nvm/versions/node/v16.14.0/bin:/home/vuvoth/.poetry/bin:/home/vuvoth/.cargo/bin:/home/vuvoth/.local/bin:/usr/local/bin:/usr/bin:/var/lib/snapd/snap/bin:/usr/local/sbin:/home/vuvoth/.dotnet/tools:/usr/lib/jvm/default/bin:/usr/bin/site_perl:/usr/bin/vendor_perl:/usr/bin/core_perl:/home/vuvoth/.foundry/bin:/home/vuvoth/.foundry/bin:/home/vuvoth/.nargo/bin:/home/vuvoth/.foundry/bin:/home/vuvoth/.nargo/bin

Yarn version: 
  1.22.17

Node version: 
  16.14.0

Platform: 
  linux x64

Trace: 
  Error: canceled
      at Interface.<anonymous> (/home/vuvoth/.nvm/versions/node/v16.14.0/lib/node_modules/yarn/lib/cli.js:137143:13)
      at Interface.emit (node:events:520:28)
      at Interface._ttyWrite (node:readline:1081:16)
      at ReadStream.onkeypress (node:readline:288:10)
      at ReadStream.emit (node:events:520:28)
      at emitKeys (node:internal/readline/utils:358:14)
      at emitKeys.next (<anonymous>)
      at ReadStream.onData (node:internal/readline/emitKeypressEvents:61:36)
      at ReadStream.emit (node:events:520:28)
      at addChunk (node:internal/streams/readable:315:12)

npm manifest: 
  No manifest

yarn manifest: 
  No manifest

Lockfile: 
  No lockfile
